<?xml version="1.0" encoding="UTF-8"?>
<!-- Generated by org.testng.reporters.JUnitReportReporter -->
<testsuite hostname="LAPTOP-AEHNAUM1" failures="0" tests="1" name="Badri1623.Badri1623.DemosetUp" time="7.759" errors="0" timestamp="2023-12-21T11:48:52 IST" skipped="0">
  <testcase classname="Badri1623.Badri1623.DemosetUp" name="setUp" time="7.759"/>
</testsuite> <!-- Badri1623.Badri1623.DemosetUp -->
